HyperRogue: game statistics (version 11.2d)
CHEATER! (cheated 1 times)
11.2d 1575502735 1575502798 3 2 31 86489 0 0 0 0 0 0 0 0 0 0 0 0 0 0 0 0 0 0 0 0 0 0 0 0 0 0 0 0 0 0 0 0 0 0 0 0 0 0 0 0 0 0 0 0 0 0 0 0 0 0 0 0 0 0 0 0 0 0 0 41 1 1 31 0 0 0 0 0 0 0 0 0 0 0 0 0 0 0 0 0 0 0 0 0 0 0 0 0 0 0 0 0 0 0 0 0 0 0 0 0 0 0 0 0 0 0 0 0 0 0 0 0 0 0 31 0 0 0 0 0 0 0 0 0 0 0 0 0 0 0 0 0 0 0 0 0 0 0 0 0 0 0 0 0 0 3 0 0 0 0 0 0 0 0 2 0 0 0 0 0 0 0 0 0 0 0 0 0 0 0 0 0 0 0 0 0 0 0 1 0 0 0 0 0 0 0 0 0 0 0 0 1 0 0 0 0 0 0 0 0 0 0 0 0 68 0 25 0 0 0 0 0 0 0 0 0 0 0 0 0 0 0 0 0 0 0 0 0 0 0 0 0 0 0 0 0 0 0 0 0 0 0 0 0 0 0 0 0 0 0 0 0 4 0 0 0 0 0 0 0 0 0 0 0 0 0 0 0 0 0 0 0 0 0 0 0 0 0 0 0 0 0 0 0 0 0 0 0 0 0 0 0 0 0 0 0 0 0 0 0 0 0 0 0 0 0 0 0 0 0 0 0 0 0 0 0 0 0 0 0 0 0 0 0 0 0 0 0 0 0 0 0 0 0 0 0 1 1 0 150 0 0 0 0 0 0 0 0 0 0 0 0 0 0 0 0 0 0 0 0 0 0 0 0 0
Played on: Thu Dec  5 00:38:55 2019 - Thu Dec  5 00:39:58 2019 (31 turns)
Total wealth: 3
Total enemies killed: 2
cells generated: 86489
Number of cells explored, by distance from the player:
 30 97 196 363 644 1126 1957 3384 12394 21374
cells travelled: 20

   3x Onyx

   2x Striped Dog



HyperRogue: game statistics (version 11.2d)
CHEATER! (cheated 1 times)
11.2d 1575502798 1575503012 5 5 79 101461 0 0 2 0 0 0 0 0 0 0 0 0 0 0 0 0 0 0 0 0 0 1 0 0 0 0 0 0 0 0 0 0 0 0 0 0 0 0 0 0 0 0 0 0 0 0 0 0 0 0 0 0 0 0 0 0 0 0 0 214 1 1 5 0 0 0 0 0 0 0 0 0 0 0 0 0 0 0 0 0 0 0 0 0 0 0 0 0 0 0 0 0 0 0 0 0 0 0 0 0 0 0 0 0 0 0 0 0 0 0 0 0 0 0 31 0 0 0 0 0 0 0 0 0 0 0 0 0 0 0 0 0 0 0 0 0 0 0 0 0 0 0 0 0 0 3 0 0 0 0 0 0 0 0 4 0 0 0 0 0 0 0 0 0 0 0 0 0 0 0 0 0 0 0 0 0 0 0 1 0 0 0 0 0 0 0 0 0 0 0 0 1 0 0 0 0 0 0 0 0 0 0 0 0 73 0 26 0 0 0 0 0 0 0 0 0 0 0 0 0 0 0 0 0 0 0 0 0 0 0 0 0 0 0 0 0 0 0 0 0 0 0 0 0 0 0 0 0 0 0 0 0 9 0 0 0 0 0 0 0 0 0 0 0 0 0 0 0 0 0 0 0 0 0 0 0 0 0 0 0 0 0 0 0 0 0 0 0 0 0 0 0 0 0 0 0 0 0 0 0 0 0 0 0 0 0 0 0 0 0 0 0 0 0 0 0 0 0 0 0 0 0 0 0 0 0 0 0 0 0 0 0 0 0 0 0 1 1 0 150 0 0 0 0 0 0 0 0 0 0 0 0 0 0 0 0 0 0 0 0 0 0 0 0 0
Played on: Thu Dec  5 00:39:58 2019 - Thu Dec  5 00:43:32 2019 (79 turns)
Total wealth: 5
Total enemies killed: 5
cells generated: 101461
Number of cells explored, by distance from the player:
 71 218 439 798 1403 2442 4224 7291 16979 29265
cells travelled: 47

   2x Gold
   3x Onyx

   1x Rock Troll
   4x Striped Dog



ACHIEVEMENT DIAMOND1 turns: 24 time: 41 at: 1575549414 ver: 11.2d c: 0 date: Thu Dec  5 13:37:35 2019
HyperRogue: game statistics (version 11.2d)
11.2d 1575549414 1575549482 6 3 53 67700 0 6 0 0 0 0 0 0 0 0 0 0 0 0 0 0 0 3 0 0 0 0 0 0 0 0 0 0 0 0 0 0 0 0 0 0 0 0 0 0 0 0 0 0 0 0 0 0 0 0 0 0 0 0 0 0 0 0 0 68 1 0 4 0 0 0 0 0 0 0 0 0 0 0 0 0 0 0 0 0 0 0 0 0 0 0 0 0 0 0 0 0 0 0 0 0 0 0 0 0 0 0 0 0 0 0 0 0 0 0 0 0 0 0 4 0 0 0 0 0 0 0 0 0 0 0 0 0 0 0 0 0 0 0 0 0 0 0 0 0 0 0 0 0 0 0 0 0 0 0 0 0 0 0 0 0 0 0 0 0 0 0 0 0 0 0 0 0 0 0 0 0 0 0 0 0 0 0 1 0 0 0 0 0 0 0 0 0 0 0 0 1 0 0 0 0 0 0 0 0 0 0 0 0 6 0 1 0 0 0 0 0 0 0 0 0 0 0 0 0 0 0 0 0 0 0 0 0 0 0 0 0 0 0 0 0 0 0 0 0 0 0 0 0 0 0 0 0 0 0 0 0 0 0 0 0 0 0 0 0 0 0 0 0 0 0 0 0 0 0 0 0 0 0 0 0 0 0 0 0 0 0 0 0 0 0 0 0 0 0 0 0 0 0 0 0 0 0 0 0 0 0 0 0 0 0 0 0 0 0 0 0 0 0 0 0 0 0 0 0 0 0 0 0 0 0 0 0 0 0 0 0 0 0 0 0 1 0 0 150 0 0 0 0 0 0 0 0 0 0 0 0 0 0 0 0 0 0 0 0 0 0 0 0 0
Played on: Thu Dec  5 13:36:54 2019 - Thu Dec  5 13:38:02 2019 (53 turns)
Total wealth: 6
Total enemies killed: 3
cells generated: 67700
Number of cells explored, by distance from the player:
 45 145 291 532 941 1639 2841 4909 8475 14611
cells travelled: 25

   6x Ice Diamond

   3x Yeti



ACHIEVEMENT RUBY1 turns: 26 time: 47 at: 1575549491 ver: 11.2d c: 0 date: Thu Dec  5 13:38:58 2019
ACHIEVEMENT GOLD1 turns: 84 time: 104 at: 1575549491 ver: 11.2d c: 0 date: Thu Dec  5 13:39:55 2019
ACHIEVEMENT GOLD2 turns: 178 time: 166 at: 1575549491 ver: 11.2d c: 0 date: Thu Dec  5 13:40:57 2019
ACHIEVEMENT TURQ1 turns: 423 time: 306 at: 1575549491 ver: 11.2d c: 0 date: Thu Dec  5 13:43:17 2019
HyperRogue: game statistics (version 11.2d)
11.2d 1575549491 1575549828 30 17 431 375855 0 0 21 0 7 0 0 0 0 0 0 0 0 0 0 0 0 0 0 0 0 5 3 0 0 0 0 0 0 0 0 16 0 0 7 0 0 0 0 0 2 0 0 0 0 0 0 0 0 0 0 0 0 0 0 0 0 0 0 311 1 0 74 0 0 0 0 0 0 0 0 0 0 0 0 0 0 0 0 0 0 0 0 0 0 0 0 0 0 0 0 0 0 0 0 0 0 0 0 0 0 0 0 0 0 0 0 0 0 0 0 0 0 0 4 0 0 0 0 0 0 0 0 0 0 0 0 0 0 0 0 0 0 0 0 0 0 0 0 0 0 0 0 0 0 0 0 0 0 0 0 0 0 0 0 0 0 0 0 0 0 0 0 0 0 0 0 0 0 0 0 0 0 0 0 0 0 0 1 0 0 0 0 0 0 0 0 0 0 0 0 1 0 0 0 0 0 0 0 0 0 0 0 0 30 0 1 0 0 0 0 0 0 0 0 0 0 0 0 0 0 0 0 0 0 0 0 0 0 0 0 0 0 0 0 0 0 0 0 0 0 0 0 0 0 0 0 0 0 0 0 0 2 0 0 0 0 0 0 0 0 0 0 0 0 0 0 0 0 0 0 0 0 0 0 0 0 0 0 0 0 0 0 0 0 0 0 0 0 0 0 0 0 0 0 0 0 0 0 0 0 0 0 2 0 0 0 0 0 0 0 0 0 0 0 0 0 0 0 0 0 0 0 0 0 0 0 0 0 0 0 0 0 0 0 0 1 0 0 150 0 0 0 0 0 0 0 0 0 0 0 0 0 0 0 0 0 0 0 0 0 0 0 0 0
Played on: Thu Dec  5 13:38:11 2019 - Thu Dec  5 13:43:48 2019 (431 turns)
Total wealth: 30
Total enemies killed: 17
cells generated: 375855
Number of cells explored, by distance from the player:
 359 1142 2259 4059 7106 12301 21227 36595 74048 127568
cells travelled: 256

  21x Gold
   7x Ruby
   2x Turquoise

   5x Rock Troll
   3x Goblin
  16x Dormant Ivy
   7x Giant Ape
   2x Eagle



ACHIEVEMENT DIAMOND1 turns: 3 time: 4 at: 1575549828 ver: 11.2d c: 0 date: Thu Dec  5 13:43:52 2019
ACHIEVEMENT DIAMOND2 turns: 95 time: 50 at: 1575549828 ver: 11.2d c: 0 date: Thu Dec  5 13:44:38 2019
HyperRogue: game statistics (version 11.2d)
11.2d 1575549828 1575549938 19 15 179 124693 0 19 0 0 0 0 0 0 0 0 0 0 0 0 0 0 12 12 3 0 0 0 0 0 0 0 0 0 0 0 0 0 0 0 0 0 0 0 0 0 0 0 0 0 0 0 0 0 0 0 0 0 0 0 0 0 0 0 0 106 1 0 4 0 0 0 0 0 0 0 0 0 0 0 0 0 0 0 0 0 0 0 0 0 0 0 0 0 0 0 0 0 0 0 0 0 0 0 0 0 0 0 0 0 0 0 0 0 0 0 0 0 0 0 4 0 0 0 0 0 0 0 0 0 0 0 0 0 0 0 0 0 0 0 0 0 0 0 0 0 0 0 0 0 0 0 0 0 0 0 0 0 0 0 0 0 0 0 0 0 0 0 0 0 0 0 0 0 0 0 0 0 0 0 0 0 0 0 1 0 0 0 0 0 0 0 0 0 0 0 0 1 0 0 0 0 0 0 0 0 0 0 0 0 49 0 2 0 0 0 0 0 0 0 0 0 0 0 0 0 0 0 0 0 0 0 0 0 0 0 0 0 0 0 0 0 0 0 0 0 0 0 0 0 0 0 0 0 0 0 0 0 3 0 0 0 0 0 0 0 0 0 0 0 0 0 0 0 0 0 0 0 0 0 0 0 0 0 0 0 0 0 0 0 0 0 0 0 0 0 0 0 0 0 0 0 0 0 0 0 0 0 0 0 0 0 0 0 0 0 0 0 0 0 0 0 0 0 0 0 0 0 0 0 0 0 0 0 0 0 0 0 0 0 0 0 1 0 0 150 0 0 0 0 0 0 0 0 0 0 0 0 0 0 0 0 0 0 0 0 0 0 0 0 0
Played on: Thu Dec  5 13:43:48 2019 - Thu Dec  5 13:45:38 2019 (179 turns)
Total wealth: 19
Total enemies killed: 15
cells generated: 124693
Number of cells explored, by distance from the player:
 114 354 691 1240 2176 3773 6518 11247 19399 33424
walls melted: 12
cells travelled: 64

  19x Ice Diamond

  12x Yeti
   3x Icewolf



ACHIEVEMENT DIAMOND1 turns: 1 time: 2 at: 1575549938 ver: 11.2d c: 0 date: Thu Dec  5 13:45:40 2019
ACHIEVEMENT DIAMOND2 turns: 77 time: 43 at: 1575549938 ver: 11.2d c: 0 date: Thu Dec  5 13:46:21 2019
HyperRogue: game statistics (version 11.2d)
11.2d 1575549938 1575550031 17 7 130 114927 0 17 0 0 0 0 0 0 0 0 0 0 0 0 0 0 12 4 3 0 0 0 0 0 0 0 0 0 0 0 0 0 0 0 0 0 0 0 0 0 0 0 0 0 0 0 0 0 0 0 0 0 0 0 0 0 0 0 0 92 1 0 4 0 0 0 0 0 0 0 0 0 0 0 0 0 0 0 0 0 0 0 0 0 0 0 0 0 0 0 0 0 0 0 0 0 0 0 0 0 0 0 0 0 0 0 0 0 0 0 0 0 0 0 4 0 0 0 0 0 0 0 0 0 0 0 0 0 0 0 0 0 0 0 0 0 0 0 0 0 0 0 0 0 0 0 0 0 0 0 0 0 0 0 0 0 0 0 0 0 0 0 0 0 0 0 0 0 0 0 0 0 0 0 0 0 0 0 1 0 0 0 0 0 0 0 0 0 0 0 0 1 0 0 0 0 0 0 0 0 0 0 0 0 66 0 3 0 0 0 0 0 0 0 0 0 0 0 0 0 0 0 0 0 0 0 0 0 0 0 0 0 0 0 0 0 0 0 0 0 0 0 0 0 0 0 0 0 0 0 0 0 4 0 0 0 0 0 0 0 0 0 0 0 0 0 0 0 0 0 0 0 0 0 0 0 0 0 0 0 0 0 0 0 0 0 0 0 0 0 0 0 0 0 0 0 0 0 0 0 0 0 0 0 0 0 0 0 0 0 0 0 0 0 0 0 0 0 0 0 0 0 0 0 0 0 0 0 0 0 0 0 0 0 0 0 1 0 0 150 0 0 0 0 0 0 0 0 0 0 0 0 0 0 0 0 0 0 0 0 0 0 0 0 0
Played on: Thu Dec  5 13:45:38 2019 - Thu Dec  5 13:47:11 2019 (130 turns)
Total wealth: 17
Total enemies killed: 7
cells generated: 114927
Number of cells explored, by distance from the player:
 95 303 596 1071 1882 3265 5642 9738 16783 28918
walls melted: 12
cells travelled: 51

  17x Ice Diamond

   4x Yeti
   3x Icewolf



ACHIEVEMENT DIAMOND1 turns: 3 time: 2 at: 1575550031 ver: 11.2d c: 0 date: Thu Dec  5 13:47:13 2019
ACHIEVEMENT DIAMOND2 turns: 54 time: 22 at: 1575550031 ver: 11.2d c: 0 date: Thu Dec  5 13:47:33 2019
ACHIEVEMENT FLASH1 turns: 108 time: 74 at: 1575550031 ver: 11.2d c: 0 date: Thu Dec  5 13:48:25 2019
ACHIEVEMENT RUBY1 turns: 116 time: 82 at: 1575550031 ver: 11.2d c: 0 date: Thu Dec  5 13:48:33 2019
ACHIEVEMENT GOLD1 turns: 133 time: 92 at: 1575550031 ver: 11.2d c: 0 date: Thu Dec  5 13:48:43 2019
ACHIEVEMENT GOLD2 turns: 186 time: 116 at: 1575550031 ver: 11.2d c: 0 date: Thu Dec  5 13:49:07 2019
ACHIEVEMENT FEATHER1 turns: 233 time: 145 at: 1575550031 ver: 11.2d c: 0 date: Thu Dec  5 13:49:36 2019
ACHIEVEMENT GARNET1 turns: 296 time: 201 at: 1575550031 ver: 11.2d c: 0 date: Thu Dec  5 13:50:32 2019
HyperRogue: game statistics (version 11.2d)
11.2d 1575550031 1575550276 45 23 339 285538 0 15 15 0 1 0 0 0 0 0 9 0 0 0 0 0 6 3 4 0 0 4 2 0 0 0 0 0 0 0 0 1 0 0 1 0 0 0 0 0 0 0 0 0 0 0 0 0 0 0 0 0 0 0 0 0 0 4 0 244 1 0 29 0 0 0 0 0 0 0 0 0 0 0 0 0 0 0 0 0 0 0 0 0 0 0 0 0 0 0 0 0 0 0 0 0 0 0 0 0 0 0 0 0 0 0 0 0 0 0 0 0 0 0 4 0 0 0 0 0 0 0 0 0 0 5 0 0 0 0 0 0 4 0 1 0 0 0 0 0 0 0 0 0 0 0 0 0 0 0 0 0 0 0 0 0 0 0 0 0 0 0 0 0 0 0 0 0 0 0 0 0 0 0 0 0 0 0 1 0 0 0 0 0 0 0 0 0 0 0 0 1 0 0 0 0 0 0 0 0 0 0 0 0 111 0 4 0 0 0 0 0 0 0 0 0 0 0 0 0 0 0 0 0 0 0 0 0 0 0 0 0 0 0 0 0 0 0 0 0 0 0 0 0 0 0 0 0 0 0 0 0 5 0 0 0 0 0 0 0 0 0 0 0 0 0 0 0 0 0 0 0 0 0 0 0 0 0 0 0 0 0 0 0 0 0 0 0 0 0 0 0 0 0 0 0 0 0 0 0 0 0 0 0 0 0 0 0 0 0 0 0 0 0 0 0 0 0 0 0 0 0 0 0 0 0 0 0 0 0 0 0 0 0 0 0 1 0 0 150 0 0 0 0 0 0 0 0 0 0 0 0 0 0 0 0 0 0 0 0 0 0 0 0 0
Played on: Thu Dec  5 13:47:11 2019 - Thu Dec  5 13:51:16 2019 (339 turns)
Total wealth: 45
Total enemies killed: 23
cells generated: 285538
Number of cells explored, by distance from the player:
 282 908 1799 3233 5656 9796 17002 29468 50857 87648
walls melted: 6
cells travelled: 201

  15x Ice Diamond
  15x Gold
   1x Ruby
   9x Phoenix Feather
   5x Garnet

   3x Yeti
   4x Icewolf
   4x Rock Troll
   2x Goblin
   1x Dormant Ivy
   1x Giant Ape
   4x Running Dog
   4x Viking
   1x Water Elemental



ACHIEVEMENT DIAMOND1 turns: 4 time: 4 at: 1575550276 ver: 11.2d c: 0 date: Thu Dec  5 13:51:20 2019
ACHIEVEMENT DIAMOND2 turns: 43 time: 17 at: 1575550276 ver: 11.2d c: 0 date: Thu Dec  5 13:51:33 2019
ACHIEVEMENT FLASH1 turns: 152 time: 78 at: 1575550276 ver: 11.2d c: 0 date: Thu Dec  5 13:52:34 2019
ACHIEVEMENT DIAMOND3 turns: 161 time: 83 at: 1575550276 ver: 11.2d c: 0 date: Thu Dec  5 13:52:39 2019
HyperRogue: game statistics (version 11.2d)
11.2d 1575550276 1575550375 28 20 179 149278 0 28 0 0 0 0 0 0 0 0 0 0 0 0 0 0 7 18 2 0 0 0 0 0 0 0 0 0 0 0 0 0 0 0 0 0 0 0 0 0 0 0 0 0 0 0 0 0 0 0 0 0 0 0 0 0 0 0 0 93 1 0 4 0 0 0 0 0 0 0 0 0 0 0 0 0 0 0 0 0 0 0 0 0 0 0 0 0 0 0 0 0 0 0 0 0 0 0 0 0 0 0 0 0 0 0 0 0 0 0 0 0 0 0 4 0 0 0 0 0 0 0 0 0 0 0 0 0 0 0 0 0 0 0 0 0 0 0 0 0 0 0 0 0 0 0 0 0 0 0 0 0 0 0 0 0 0 0 0 0 0 0 0 0 0 0 0 0 0 0 0 0 0 0 0 0 0 0 1 0 0 0 0 0 0 0 0 0 0 0 0 1 0 0 0 0 0 0 0 0 0 0 0 0 139 0 5 0 0 0 0 0 0 0 0 0 0 0 0 0 0 0 0 0 0 0 0 0 0 0 0 0 0 0 0 0 0 0 0 0 0 0 0 0 0 0 0 0 0 0 0 0 6 0 0 0 0 0 0 0 0 0 0 0 0 0 0 0 0 0 0 0 0 0 0 0 0 0 0 0 0 0 0 0 0 0 0 0 0 0 0 0 0 0 0 0 0 0 0 0 0 0 0 0 0 0 0 0 0 0 0 0 0 0 0 0 0 0 0 0 0 0 0 0 0 0 0 0 0 0 0 0 0 0 0 0 1 0 0 150 0 0 0 0 0 0 0 0 0 0 0 0 0 0 0 0 0 0 0 0 0 0 0 0 0
Played on: Thu Dec  5 13:51:16 2019 - Thu Dec  5 13:52:55 2019 (179 turns)
Total wealth: 28
Total enemies killed: 20
cells generated: 149278
Number of cells explored, by distance from the player:
 150 469 920 1650 2888 5003 8641 14902 25678 44238
walls melted: 7
cells travelled: 72

  28x Ice Diamond

  18x Yeti
   2x Icewolf



ACHIEVEMENT DIAMOND1 turns: 2 time: 1 at: 1575550376 ver: 11.2d c: 0 date: Thu Dec  5 13:52:57 2019
ACHIEVEMENT DIAMOND2 turns: 64 time: 23 at: 1575550376 ver: 11.2d c: 0 date: Thu Dec  5 13:53:19 2019
ACHIEVEMENT SPICE1 turns: 134 time: 65 at: 1575550376 ver: 11.2d c: 0 date: Thu Dec  5 13:54:01 2019
ACHIEVEMENT SPICE2 turns: 178 time: 87 at: 1575550376 ver: 11.2d c: 0 date: Thu Dec  5 13:54:23 2019
ACHIEVEMENT TURQ1 turns: 241 time: 135 at: 1575550376 ver: 11.2d c: 0 date: Thu Dec  5 13:55:11 2019
HyperRogue: game statistics (version 11.2d)
11.2d 1575550376 1575550542 37 26 287 344139 0 17 0 16 0 0 0 0 0 0 0 0 0 0 0 0 9 5 4 0 0 0 0 0 0 0 0 10 0 0 0 0 0 0 0 0 0 0 0 0 0 0 0 0 0 0 0 0 0 0 0 0 0 0 0 0 0 0 0 163 1 0 74 0 0 0 0 0 0 0 0 0 0 0 0 0 0 0 0 0 0 0 0 0 0 0 0 0 0 0 0 0 0 0 0 0 0 0 0 0 0 0 0 0 0 0 0 0 0 0 0 0 0 0 4 0 0 0 0 0 0 0 0 0 0 0 0 0 0 0 0 0 0 0 0 0 0 0 0 0 0 0 0 0 0 0 0 0 0 0 0 0 0 0 0 0 0 0 0 0 0 0 0 0 0 0 0 0 0 0 0 0 0 0 0 0 0 0 1 0 0 0 0 0 0 0 0 0 0 0 0 1 0 0 0 0 0 0 0 0 0 0 0 0 176 0 6 0 0 0 0 0 0 0 0 0 0 0 0 0 0 0 0 0 0 0 0 0 0 0 0 0 0 0 0 0 0 0 0 0 0 0 0 0 0 0 0 0 0 0 0 0 7 0 0 0 0 0 0 0 0 0 0 0 0 0 0 0 0 0 0 0 0 0 0 0 0 0 0 0 0 0 0 0 0 0 0 0 0 0 0 0 0 0 0 0 0 0 0 0 0 0 0 4 0 0 0 0 0 0 0 7 0 0 0 0 0 0 0 0 0 0 0 0 0 0 0 0 0 0 0 0 0 0 0 0 1 0 0 150 0 0 0 0 0 0 0 0 0 0 0 0 0 0 0 0 0 0 0 0 0 0 0 0 0
Played on: Thu Dec  5 13:52:56 2019 - Thu Dec  5 13:55:42 2019 (287 turns)
Total wealth: 37
Total enemies killed: 26
cells generated: 344139
Number of cells explored, by distance from the player:
 234 747 1483 2666 4666 8083 13952 24055 65075 112162
walls melted: 9
cells travelled: 163

  17x Ice Diamond
  16x Spice
   4x Turquoise

   5x Yeti
   4x Icewolf
  10x Desert Man
   7x Hunting Dog



ACHIEVEMENT DIAMOND1 turns: 7 time: 4 at: 1575550542 ver: 11.2d c: 0 date: Thu Dec  5 13:55:46 2019
ACHIEVEMENT DIAMOND2 turns: 73 time: 29 at: 1575550542 ver: 11.2d c: 0 date: Thu Dec  5 13:56:11 2019
HyperRogue: game statistics (version 11.2d)
11.2d 1575550542 1575550580 14 4 90 100174 0 14 0 0 0 0 0 0 0 0 0 0 0 0 0 0 0 3 1 0 0 0 0 0 0 0 0 0 0 0 0 0 0 0 0 0 0 0 0 0 0 0 0 0 0 0 0 0 0 0 0 0 0 0 0 0 0 0 0 36 1 0 4 0 0 0 0 0 0 0 0 0 0 0 0 0 0 0 0 0 0 0 0 0 0 0 0 0 0 0 0 0 0 0 0 0 0 0 0 0 0 0 0 0 0 0 0 0 0 0 0 0 0 0 4 0 0 0 0 0 0 0 0 0 0 0 0 0 0 0 0 0 0 0 0 0 0 0 0 0 0 0 0 0 0 0 0 0 0 0 0 0 0 0 0 0 0 0 0 0 0 0 0 0 0 0 0 0 0 0 0 0 0 0 0 0 0 0 1 0 0 0 0 0 0 0 0 0 0 0 0 1 0 0 0 0 0 0 0 0 0 0 0 0 190 0 7 0 0 0 0 0 0 0 0 0 0 0 0 0 0 0 0 0 0 0 0 0 0 0 0 0 0 0 0 0 0 0 0 0 0 0 0 0 0 0 0 0 0 0 0 0 8 0 0 0 0 0 0 0 0 0 0 0 0 0 0 0 0 0 0 0 0 0 0 0 0 0 0 0 0 0 0 0 0 0 0 0 0 0 0 0 0 0 0 0 0 0 0 0 0 0 0 0 0 0 0 0 0 0 0 0 0 0 0 0 0 0 0 0 0 0 0 0 0 0 0 0 0 0 0 0 0 0 0 0 1 0 0 150 0 0 0 0 0 0 0 0 0 0 0 0 0 0 0 0 0 0 0 0 0 0 0 0 0
Played on: Thu Dec  5 13:55:42 2019 - Thu Dec  5 13:56:20 2019 (90 turns)
Total wealth: 14
Total enemies killed: 4
cells generated: 100174
Number of cells explored, by distance from the player:
 83 266 536 969 1702 2956 5110 8819 15203 26196
cells travelled: 51

  14x Ice Diamond

   3x Yeti
   1x Icewolf



ACHIEVEMENT DIAMOND1 turns: 2 time: 13 at: 1575550580 ver: 11.2d c: 0 date: Thu Dec  5 13:56:33 2019
ACHIEVEMENT DIAMOND2 turns: 68 time: 38 at: 1575550580 ver: 11.2d c: 0 date: Thu Dec  5 13:56:58 2019
ACHIEVEMENT RUBY1 turns: 150 time: 86 at: 1575550580 ver: 11.2d c: 0 date: Thu Dec  5 13:57:46 2019
HyperRogue: game statistics (version 11.2d)
11.2d 1575550580 1575550831 18 14 303 245927 0 14 0 0 4 0 0 0 0 0 0 0 0 0 0 0 12 8 2 0 0 0 0 0 0 0 0 0 0 0 0 4 0 0 3 0 0 0 0 0 1 0 0 0 0 0 0 0 0 0 0 0 0 0 0 0 0 0 0 171 1 0 6 0 0 0 0 0 0 0 0 0 0 0 0 0 0 0 0 0 0 0 0 0 0 0 0 0 0 0 0 0 0 0 0 0 0 0 0 0 0 0 0 0 0 0 0 0 0 0 0 0 0 0 4 0 0 0 0 0 0 0 0 0 0 0 0 0 0 0 0 0 0 0 0 0 0 0 0 0 0 0 0 0 0 0 0 0 0 0 0 0 0 0 0 0 0 0 0 0 0 0 0 0 0 0 0 0 0 0 0 0 0 0 0 0 0 0 1 0 0 0 0 0 0 0 0 0 0 0 0 1 0 0 0 0 0 0 0 0 0 0 0 0 208 0 8 0 0 0 0 0 0 0 0 0 0 0 0 0 0 0 0 0 0 0 0 0 0 0 0 0 0 0 0 0 0 0 0 0 0 0 0 0 0 0 0 0 0 0 0 0 1 0 0 0 0 0 0 0 0 0 0 0 0 0 0 0 0 0 0 0 0 0 0 0 0 0 0 0 0 0 0 0 0 0 0 0 0 0 0 0 0 0 0 0 0 0 0 0 0 0 0 0 0 0 0 0 0 0 0 0 0 0 0 0 0 0 0 0 0 0 0 0 0 0 0 0 0 0 0 0 0 0 0 0 1 0 0 150 0 0 0 0 0 0 0 0 0 0 0 0 0 0 0 0 0 0 0 0 0 0 0 0 0
Played on: Thu Dec  5 13:56:20 2019 - Thu Dec  5 14:00:31 2019 (303 turns)
Total wealth: 18
Total enemies killed: 14
cells generated: 245927
Number of cells explored, by distance from the player:
 261 853 1676 3009 5265 9114 15732 27122 46723 80483
walls melted: 12
cells travelled: 182

  14x Ice Diamond
   4x Ruby

   8x Yeti
   2x Icewolf
   4x Dormant Ivy
   3x Giant Ape
   1x Eagle



ACHIEVEMENT DIAMOND1 turns: 1 time: 1 at: 1575550831 ver: 11.2d c: 0 date: Thu Dec  5 14:00:32 2019
ACHIEVEMENT DIAMOND2 turns: 43 time: 18 at: 1575550831 ver: 11.2d c: 0 date: Thu Dec  5 14:00:49 2019
ACHIEVEMENT ELIXIR1 turns: 105 time: 52 at: 1575550831 ver: 11.2d c: 0 date: Thu Dec  5 14:01:23 2019
ACHIEVEMENT ELIXIR2 turns: 229 time: 120 at: 1575550831 ver: 11.2d c: 0 date: Thu Dec  5 14:02:31 2019
ACHIEVEMENT RUBY1 turns: 332 time: 184 at: 1575550831 ver: 11.2d c: 0 date: Thu Dec  5 14:03:35 2019
HyperRogue: game statistics (version 11.2d)
11.2d 1575550831 1575551170 27 28 347 241027 0 12 0 0 2 13 0 0 0 0 0 0 0 0 0 0 3 2 5 0 0 0 0 0 0 0 0 0 0 1 0 7 0 0 0 21 0 0 0 0 0 0 0 0 0 0 0 0 0 0 0 0 0 0 0 0 0 0 0 193 1 0 6 0 0 0 0 0 0 0 0 0 0 0 0 0 0 0 0 0 0 0 0 0 0 0 0 0 0 0 0 0 0 0 0 0 0 0 0 0 0 0 0 0 0 0 0 0 0 0 0 0 0 0 4 0 0 0 0 0 0 0 0 0 0 0 0 0 0 0 0 0 0 0 0 0 0 0 0 0 0 0 0 0 0 0 0 0 0 0 0 0 0 0 0 0 0 0 0 0 0 0 0 0 0 0 0 0 0 0 0 0 0 0 0 0 0 0 1 0 0 0 0 0 0 0 0 0 0 0 0 1 0 0 0 0 0 0 0 0 0 0 0 0 235 0 9 0 0 0 0 0 0 0 0 0 0 0 0 0 0 0 0 0 0 0 0 0 0 0 0 0 0 0 0 0 0 0 0 0 0 0 0 0 0 0 0 0 0 0 0 0 2 0 0 0 0 0 0 0 0 0 0 0 0 0 0 0 0 0 0 0 0 0 0 0 0 0 0 0 0 0 0 0 0 0 0 0 0 0 0 0 0 0 0 0 0 0 0 0 0 0 0 0 0 0 0 0 0 0 0 0 0 0 0 0 0 0 0 0 0 0 0 0 0 0 0 0 0 0 0 0 0 0 0 0 1 0 0 150 0 0 0 0 0 0 0 0 0 0 0 0 0 0 0 0 0 0 0 0 0 0 0 0 0
Played on: Thu Dec  5 14:00:31 2019 - Thu Dec  5 14:06:10 2019 (347 turns)
Total wealth: 27
Total enemies killed: 28
cells generated: 241027
Number of cells explored, by distance from the player:
 259 817 1603 2873 5024 8695 15009 25875 44575 76784
walls melted: 3
cells travelled: 159

  12x Ice Diamond
   2x Ruby
  13x Elixir of Life

   2x Yeti
   5x Icewolf
   1x Active Ivy
   7x Dormant Ivy
  21x Slime Beast



ACHIEVEMENT DIAMOND1 turns: 4 time: 3 at: 1575551170 ver: 11.2d c: 0 date: Thu Dec  5 14:06:13 2019
ACHIEVEMENT DIAMOND2 turns: 52 time: 23 at: 1575551170 ver: 11.2d c: 0 date: Thu Dec  5 14:06:33 2019
ACHIEVEMENT FLASH1 turns: 90 time: 42 at: 1575551170 ver: 11.2d c: 0 date: Thu Dec  5 14:06:52 2019
ACHIEVEMENT FEATHER1 turns: 120 time: 64 at: 1575551170 ver: 11.2d c: 0 date: Thu Dec  5 14:07:14 2019
ACHIEVEMENT FEATHER2 turns: 167 time: 89 at: 1575551170 ver: 11.2d c: 0 date: Thu Dec  5 14:07:39 2019
HyperRogue: game statistics (version 11.2d)
11.2d 1575551170 1575551351 27 17 314 213448 0 14 0 0 0 0 0 0 0 0 13 0 0 0 0 0 13 4 3 0 0 0 0 0 0 0 0 0 0 0 0 0 0 0 0 0 0 0 0 0 0 0 0 8 0 0 0 0 0 0 0 0 0 0 0 0 0 2 0 152 1 0 7 0 0 0 0 0 0 0 0 0 0 0 0 0 0 0 0 0 0 0 0 0 0 0 0 0 0 0 0 0 0 0 0 0 0 0 0 0 0 0 0 0 0 0 0 0 0 0 0 0 0 0 4 0 0 0 0 0 0 0 0 0 0 0 0 0 0 0 0 0 0 0 0 0 0 0 0 0 0 0 0 0 0 0 0 0 0 0 0 0 0 0 0 0 0 0 0 0 0 0 0 0 0 0 0 0 0 0 0 0 0 0 0 0 0 0 1 0 0 0 0 0 0 0 0 0 0 0 0 1 0 0 0 0 0 0 0 0 0 0 0 0 262 0 10 0 0 0 0 0 0 0 0 0 0 0 0 0 0 0 0 0 0 0 0 0 0 0 0 0 0 0 0 0 0 0 0 0 0 0 0 0 0 0 0 0 0 0 0 0 3 0 0 0 0 0 0 0 0 0 0 0 0 0 0 0 0 0 0 0 0 0 0 0 0 0 0 0 0 0 0 0 0 0 0 0 0 0 0 0 0 0 0 0 0 0 0 0 0 0 0 0 0 0 0 0 0 0 0 0 0 0 0 0 0 0 0 0 0 0 0 0 0 0 0 0 0 0 0 0 0 0 0 0 1 0 0 150 0 0 0 0 0 0 0 0 0 0 0 0 0 0 0 0 0 0 0 0 0 0 0 0 0
Played on: Thu Dec  5 14:06:10 2019 - Thu Dec  5 14:09:11 2019 (314 turns)
Total wealth: 27
Total enemies killed: 17
cells generated: 213448
Number of cells explored, by distance from the player:
 196 634 1260 2271 3978 6893 11902 20522 35359 60910
walls melted: 13
cells travelled: 152

  14x Ice Diamond
  13x Phoenix Feather

   4x Yeti
   3x Icewolf
   8x Ghost
   2x Running Dog



ACHIEVEMENT DIAMOND1 turns: 0 time: 2 at: 1575551351 ver: 11.2d c: 0 date: Thu Dec  5 14:09:13 2019
ACHIEVEMENT DIAMOND2 turns: 61 time: 38 at: 1575551351 ver: 11.2d c: 0 date: Thu Dec  5 14:09:49 2019
ACHIEVEMENT FLASH1 turns: 99 time: 58 at: 1575551351 ver: 11.2d c: 0 date: Thu Dec  5 14:10:09 2019
ACHIEVEMENT DIAMOND3 turns: 158 time: 91 at: 1575551351 ver: 11.2d c: 0 date: Thu Dec  5 14:10:42 2019
ACHIEVEMENT ELIXIR1 turns: 176 time: 104 at: 1575551351 ver: 11.2d c: 0 date: Thu Dec  5 14:10:55 2019
ACHIEVEMENT ELIXIR2 turns: 431 time: 234 at: 1575551351 ver: 11.2d c: 0 date: Thu Dec  5 14:13:05 2019
HyperRogue: game statistics (version 11.2d)
11.2d 1575551351 1575551646 41 50 510 354772 0 25 0 0 0 16 0 0 0 0 0 0 0 0 0 0 26 18 6 0 0 0 1 0 0 0 0 0 0 0 0 0 0 0 0 25 0 0 0 0 0 0 0 0 0 0 0 0 0 0 0 0 0 0 0 0 0 0 0 293 1 0 7 0 0 0 0 0 0 0 0 0 0 0 0 0 0 0 0 0 0 0 0 0 0 0 0 0 0 0 0 0 0 0 0 0 0 0 0 0 0 0 0 0 0 0 0 0 0 0 0 0 0 0 4 0 0 0 0 0 0 0 0 0 0 0 0 0 0 0 0 0 0 0 0 0 0 0 0 0 0 0 0 0 0 0 0 0 0 0 0 0 0 0 0 0 0 0 0 0 0 0 0 0 0 0 0 0 0 0 0 0 0 0 0 0 0 0 1 0 0 0 0 0 0 0 0 0 0 0 0 1 0 0 0 0 0 0 0 0 0 0 0 0 303 0 11 0 0 0 0 0 0 0 0 0 0 0 0 0 0 0 0 0 0 0 0 0 0 0 0 0 0 0 0 0 0 0 0 0 0 0 0 0 0 0 0 0 0 0 0 0 4 0 0 0 0 0 0 0 0 0 0 0 0 0 0 0 0 0 0 0 0 0 0 0 0 0 0 0 0 0 0 0 0 0 0 0 0 0 0 0 0 0 0 0 0 0 0 0 0 0 0 0 0 0 0 0 0 0 0 0 0 0 0 0 0 0 0 0 0 0 0 0 0 0 0 0 0 0 0 0 0 0 0 0 1 0 0 150 0 0 0 0 0 0 0 0 0 0 0 0 0 0 0 0 0 0 0 0 0 0 0 0 0
Played on: Thu Dec  5 14:09:11 2019 - Thu Dec  5 14:14:06 2019 (510 turns)
Total wealth: 41
Total enemies killed: 50
cells generated: 354772
Number of cells explored, by distance from the player:
 398 1266 2490 4459 7799 13498 23286 40144 69850 120311
walls melted: 26
cells travelled: 243

  25x Ice Diamond
  16x Elixir of Life

  18x Yeti
   6x Icewolf
   1x Goblin
  25x Slime Beast



ACHIEVEMENT DIAMOND1 turns: 4 time: 2 at: 1575551646 ver: 11.2d c: 0 date: Thu Dec  5 14:14:08 2019
ACHIEVEMENT DIAMOND2 turns: 43 time: 15 at: 1575551646 ver: 11.2d c: 0 date: Thu Dec  5 14:14:21 2019
HyperRogue: game statistics (version 11.2d)
11.2d 1575551646 1575551664 12 1 50 76837 0 12 0 0 0 0 0 0 0 0 0 0 0 0 0 0 0 0 1 0 0 0 0 0 0 0 0 0 0 0 0 0 0 0 0 0 0 0 0 0 0 0 0 0 0 0 0 0 0 0 0 0 0 0 0 0 0 0 0 17 1 0 4 0 0 0 0 0 0 0 0 0 0 0 0 0 0 0 0 0 0 0 0 0 0 0 0 0 0 0 0 0 0 0 0 0 0 0 0 0 0 0 0 0 0 0 0 0 0 0 0 0 0 0 4 0 0 0 0 0 0 0 0 0 0 0 0 0 0 0 0 0 0 0 0 0 0 0 0 0 0 0 0 0 0 0 0 0 0 0 0 0 0 0 0 0 0 0 0 0 0 0 0 0 0 0 0 0 0 0 0 0 0 0 0 0 0 0 1 0 0 0 0 0 0 0 0 0 0 0 0 1 0 0 0 0 0 0 0 0 0 0 0 0 315 0 12 0 0 0 0 0 0 0 0 0 0 0 0 0 0 0 0 0 0 0 0 0 0 0 0 0 0 0 0 0 0 0 0 0 0 0 0 0 0 0 0 0 0 0 0 0 5 0 0 0 0 0 0 0 0 0 0 0 0 0 0 0 0 0 0 0 0 0 0 0 0 0 0 0 0 0 0 0 0 0 0 0 0 0 0 0 0 0 0 0 0 0 0 0 0 0 0 0 0 0 0 0 0 0 0 0 0 0 0 0 0 0 0 0 0 0 0 0 0 0 0 0 0 0 0 0 0 0 0 0 1 0 0 150 0 0 0 0 0 0 0 0 0 0 0 0 0 0 0 0 0 0 0 0 0 0 0 0 0
Played on: Thu Dec  5 14:14:06 2019 - Thu Dec  5 14:14:24 2019 (50 turns)
Total wealth: 12
Total enemies killed: 1
cells generated: 76837
Number of cells explored, by distance from the player:
 47 153 306 557 982 1710 2963 5118 8829 15220
cells travelled: 25

  12x Ice Diamond

   1x Icewolf



ACHIEVEMENT DIAMOND1 turns: 9 time: 3 at: 1575551664 ver: 11.2d c: 0 date: Thu Dec  5 14:14:27 2019
ACHIEVEMENT DIAMOND2 turns: 67 time: 23 at: 1575551664 ver: 11.2d c: 0 date: Thu Dec  5 14:14:47 2019
ACHIEVEMENT ELIXIR1 turns: 199 time: 121 at: 1575551664 ver: 11.2d c: 0 date: Thu Dec  5 14:16:25 2019
ACHIEVEMENT RUBY1 turns: 348 time: 259 at: 1575551664 ver: 11.2d c: 0 date: Thu Dec  5 14:18:43 2019
ACHIEVEMENT CORAL1 turns: 420 time: 335 at: 1575551664 ver: 11.2d c: 0 date: Thu Dec  5 14:19:59 2019
ACHIEVEMENT CORAL2 turns: 641 time: 555 at: 1575551664 ver: 11.2d c: 0 date: Thu Dec  5 14:23:39 2019
ACHIEVEMENT GARNET1 turns: 685 time: 625 at: 1575551664 ver: 11.2d c: 0 date: Thu Dec  5 14:24:49 2019
ACHIEVEMENT GARNET2 turns: 770 time: 670 at: 1575551664 ver: 11.2d c: 0 date: Thu Dec  5 14:25:34 2019
HyperRogue: game statistics (version 11.2d)
11.2d 1575551664 1575552365 53 88 777 1131779 0 20 0 0 2 9 0 0 0 0 0 0 0 0 0 0 4 20 6 0 0 0 0 0 0 0 0 0 0 0 0 3 0 0 1 11 0 0 0 0 0 0 0 0 0 0 0 0 0 0 0 0 0 0 0 0 0 0 0 675 1 0 29 0 0 0 0 0 0 0 0 0 0 0 0 0 0 0 0 0 0 0 0 0 0 0 0 0 0 0 0 0 0 0 0 0 0 0 0 0 0 0 0 0 0 0 0 0 0 0 0 0 0 0 4 0 0 0 0 0 0 0 0 0 0 10 0 0 0 0 0 0 10 2 1 0 0 0 0 0 0 0 0 0 0 0 0 0 0 0 0 0 0 0 0 0 0 0 0 0 0 0 0 0 0 0 0 0 0 0 0 0 0 0 0 0 0 0 1 0 0 0 0 12 0 0 36 0 0 0 0 1 0 0 0 0 0 0 0 0 0 0 0 0 368 0 13 0 0 0 0 0 0 0 0 0 0 0 0 0 0 0 0 0 0 0 0 0 0 0 0 0 0 0 0 0 0 0 0 0 0 0 0 0 0 0 0 0 0 0 0 0 8 0 0 0 0 0 0 0 0 0 0 0 0 0 0 0 0 0 0 0 0 0 0 0 0 0 0 0 0 0 0 0 0 0 0 0 0 0 0 0 0 0 0 0 0 0 0 0 0 0 0 0 0 0 0 0 0 0 0 0 0 0 0 0 0 0 0 0 0 0 0 0 0 0 0 0 0 0 0 0 0 0 0 0 1 0 0 150 0 0 0 0 0 0 0 0 0 0 0 0 1 0 0 0 0 0 0 0 0 0 0 0 0
Played on: Thu Dec  5 14:14:24 2019 - Thu Dec  5 14:26:05 2019 (777 turns)
Total wealth: 53
Total enemies killed: 88
cells generated: 1131779
Number of cells explored, by distance from the player:
 591 1941 3811 6825 11950 20664 37550 67841 119019 206037
walls melted: 4
cells travelled: 431

  20x Ice Diamond
   2x Ruby
   9x Elixir of Life
  10x Garnet
  12x Coral

  20x Yeti
   6x Icewolf
   3x Dormant Ivy
   1x Giant Ape
  11x Slime Beast
  10x Viking
   2x Fjord Troll
   1x Water Elemental
  36x Ratling
   1x Acid Gull



ACHIEVEMENT DIAMOND1 turns: 4 time: 225 at: 1575552365 ver: 11.2d c: 0 date: Thu Dec  5 14:29:50 2019
ACHIEVEMENT DIAMOND2 turns: 40 time: 236 at: 1575552365 ver: 11.2d c: 0 date: Thu Dec  5 14:30:01 2019
HyperRogue: game statistics (version 11.2d)
11.2d 1575552365 1575552636 19 6 110 118140 0 19 0 0 0 0 0 0 0 0 0 0 0 0 0 0 0 3 3 0 0 0 0 0 0 0 0 0 0 0 0 0 0 0 0 0 0 0 0 0 0 0 0 0 0 0 0 0 0 0 0 0 0 0 0 0 0 0 0 270 1 0 4 0 0 0 0 0 0 0 0 0 0 0 0 0 0 0 0 0 0 0 0 0 0 0 0 0 0 0 0 0 0 0 0 0 0 0 0 0 0 0 0 0 0 0 0 0 0 0 0 0 0 0 4 0 0 0 0 0 0 0 0 0 0 0 0 0 0 0 0 0 0 0 0 0 0 0 0 0 0 0 0 0 0 0 0 0 0 0 0 0 0 0 0 0 0 0 0 0 0 0 0 0 0 0 0 0 0 0 0 0 0 0 0 0 0 0 1 0 0 0 0 0 0 0 0 0 0 0 0 1 0 0 0 0 0 0 0 0 0 0 0 0 387 0 14 0 0 0 0 0 0 0 0 0 0 0 0 0 0 0 0 0 0 0 0 0 0 0 0 0 0 0 0 0 0 0 0 0 0 0 0 0 0 0 0 0 0 0 0 0 0 0 0 0 0 0 0 0 0 0 0 0 0 0 0 0 0 0 0 0 0 0 0 0 0 0 0 0 0 0 0 0 0 0 0 0 0 0 0 0 0 0 0 0 0 0 0 0 0 0 0 0 0 0 0 0 0 0 0 0 0 0 0 0 0 0 0 0 0 0 0 0 0 0 0 0 0 0 0 0 0 0 0 0 1 0 0 150 0 0 0 0 0 0 0 0 0 0 0 0 0 0 0 0 0 0 0 0 0 0 0 0 0
Played on: Thu Dec  5 14:26:05 2019 - Thu Dec  5 14:30:36 2019 (110 turns)
Total wealth: 19
Total enemies killed: 6
cells generated: 118140
Number of cells explored, by distance from the player:
 101 312 622 1128 1975 3431 5932 10230 17906 30852
cells travelled: 70

  19x Ice Diamond

   3x Yeti
   3x Icewolf



ACHIEVEMENT DIAMOND1 turns: 6 time: 4 at: 1575552636 ver: 11.2d c: 0 date: Thu Dec  5 14:30:40 2019
ACHIEVEMENT DIAMOND2 turns: 52 time: 19 at: 1575552636 ver: 11.2d c: 0 date: Thu Dec  5 14:30:55 2019
HyperRogue: game statistics (version 11.2d)
11.2d 1575552636 1575552745 24 19 193 158647 0 24 0 0 0 0 0 0 0 0 0 0 0 0 0 0 17 12 7 0 0 0 0 0 0 0 0 0 0 0 0 0 0 0 0 0 0 0 0 0 0 0 0 0 0 0 0 0 0 0 0 0 0 0 0 0 0 0 0 99 1 0 4 0 0 8 0 0 0 0 0 0 0 0 0 0 0 0 0 0 0 0 0 0 0 0 0 0 0 0 0 0 0 0 0 0 0 0 0 0 0 0 0 0 0 0 0 0 0 0 0 0 0 0 4 0 0 0 0 0 0 0 0 0 0 0 0 0 0 0 0 0 0 0 0 0 0 0 0 0 0 0 0 0 0 0 0 0 0 0 0 0 0 0 0 0 0 0 0 0 0 0 0 0 0 0 0 0 0 0 0 0 0 0 0 0 0 0 1 0 0 0 0 0 0 0 0 0 0 0 0 1 0 0 0 0 0 0 0 0 0 0 0 0 411 0 15 0 0 0 0 0 0 0 0 0 0 0 0 0 0 0 0 0 0 0 0 0 0 0 0 0 0 0 0 0 0 0 0 0 0 0 0 0 0 0 0 0 0 0 0 0 4 0 0 0 0 0 0 0 0 0 0 0 0 0 0 0 0 0 0 0 0 0 0 0 0 0 0 0 0 0 0 0 0 0 0 0 0 0 0 0 0 0 0 0 0 0 0 0 0 0 0 0 0 0 0 0 0 0 0 0 0 0 0 0 0 0 0 0 0 0 0 0 0 0 0 0 0 0 0 0 0 0 0 0 1 0 0 150 0 0 0 0 0 0 0 0 0 0 0 0 0 0 0 0 0 0 0 0 0 0 0 0 0
Played on: Thu Dec  5 14:30:36 2019 - Thu Dec  5 14:32:25 2019 (193 turns)
Total wealth: 24
Total enemies killed: 19
cells generated: 158647
Number of cells explored, by distance from the player:
 156 487 958 1722 3016 5225 9025 15564 26818 46202
walls melted: 17
cells travelled: 94

  24x Ice Diamond
   8x Orb of Winter

  12x Yeti
   7x Icewolf



ACHIEVEMENT DIAMOND1 turns: 10 time: 6 at: 1575556744 ver: 11.2d c: 0 date: Thu Dec  5 15:39:10 2019
ACHIEVEMENT RUBY1 turns: 151 time: 85 at: 1575556744 ver: 11.2d c: 0 date: Thu Dec  5 15:40:29 2019
HyperRogue: game statistics (version 11.2d)
11.2d 1575556744 1575556935 22 12 261 206937 0 17 0 0 5 0 0 0 0 0 0 0 0 0 1 0 8 3 2 0 0 0 0 0 0 0 0 0 0 14 2 26 0 1 6 0 0 0 0 0 1 0 0 0 0 0 0 0 0 0 0 0 0 0 0 0 0 0 0 191 1 0 6 0 0 0 0 0 0 0 0 0 0 0 0 0 0 0 0 0 0 0 0 0 0 0 0 0 0 0 0 0 0 0 0 0 0 0 0 0 0 0 0 0 0 0 0 0 0 0 0 0 0 0 4 0 0 0 0 0 0 0 0 0 0 0 0 0 0 0 0 0 0 0 0 0 0 0 0 0 0 0 0 0 0 0 0 0 0 0 0 0 0 0 0 0 0 0 0 0 0 0 0 0 0 0 0 0 0 0 0 0 0 0 0 0 0 0 1 0 0 0 0 0 0 0 0 0 0 0 0 1 0 0 0 0 0 0 0 0 0 0 0 0 22 0 1 0 0 0 0 0 0 0 0 0 0 0 0 0 0 0 0 0 0 0 0 0 0 0 0 0 0 0 0 0 0 0 0 0 0 0 0 0 0 0 0 0 0 0 0 0 0 0 0 0 0 1 0 0 0 0 0 0 0 0 0 0 0 0 0 0 0 0 0 0 0 0 0 0 0 0 0 0 0 0 0 0 0 0 0 0 0 0 0 0 0 0 0 1 1 1508983081 0 0 0 0 0 0 0 0 0 0 0 0 0 0 0 0 0 0 0 0 0 0 0 0 0 0 0 0 0 0 0 0 0 0 1 0 0 150 0 0 0 0 0 0 0 0 0 0 0 0 0 0 0 0 0 0 0 0 0 0 0 0 0
Played on: Thu Dec  5 15:39:04 2019 - Thu Dec  5 15:42:15 2019 (261 turns)
Total wealth: 22
Total enemies killed: 12
cells generated: 206937
Inventory mode
Number of cells explored, by distance from the player:
 202 662 1311 2359 4134 7160 12362 21317 36725 63264
walls melted: 8
cells travelled: 150

  17x Ice Diamond
   5x Ruby
   1x Dead Orb
   2x your orbs

   3x Yeti
   2x Icewolf
  14x Active Ivy
   2x Ivy Branch
  26x Dormant Ivy
   1x Dead Ivy
   6x Giant Ape
   1x Eagle



ACHIEVEMENT DIAMOND1 turns: 2 time: 2 at: 1575565976 ver: 11.2d c: 0 date: Thu Dec  5 18:12:58 2019
ACHIEVEMENT ELIXIR1 turns: 87 time: 36 at: 1575565976 ver: 11.2d c: 0 date: Thu Dec  5 18:13:32 2019
ACHIEVEMENT ELIXIR2 turns: 292 time: 149 at: 1575565976 ver: 11.2d c: 0 date: Thu Dec  5 18:15:25 2019
HyperRogue: game statistics (version 11.2d)
11.2d 1575565976 1575566238 30 47 423 323812 0 7 0 0 0 23 0 0 0 0 0 0 0 0 0 0 0 0 2 0 0 0 0 0 0 0 0 0 0 0 0 0 0 0 0 45 0 0 0 0 0 0 0 0 0 0 0 0 0 0 0 0 0 0 0 0 0 0 0 259 1 0 7 0 0 0 0 0 0 0 0 0 0 0 0 0 0 0 0 0 0 0 0 0 0 0 0 0 0 0 0 0 0 0 0 0 0 0 0 0 0 0 0 0 0 0 0 0 0 0 0 0 0 0 4 0 0 0 0 0 0 0 0 0 0 0 0 0 0 0 0 0 0 0 0 0 0 0 0 0 0 0 0 0 0 0 0 0 0 0 0 0 0 0 0 0 0 0 0 0 0 0 0 0 0 0 0 0 0 0 0 0 0 0 0 0 0 0 1 0 0 0 0 0 0 0 0 0 0 0 0 1 0 0 0 0 0 0 0 0 0 0 0 0 30 0 1 0 0 0 0 0 0 0 0 0 0 0 0 0 0 0 0 0 0 0 0 0 0 0 0 0 0 0 0 0 0 0 0 0 0 0 0 0 0 0 0 0 0 0 0 0 9 0 0 0 0 0 0 0 0 0 0 0 0 0 0 0 0 0 0 0 0 0 0 0 0 0 0 0 0 0 0 0 0 0 0 0 0 0 0 0 0 0 0 0 0 0 0 0 0 0 0 0 0 0 0 0 0 0 0 0 0 0 0 0 0 0 0 0 0 0 0 0 0 0 0 0 0 0 0 0 0 0 0 0 1 0 0 150 0 0 0 0 0 0 0 0 0 0 0 0 0 0 0 0 0 0 0 0 0 0 0 0 0
Played on: Thu Dec  5 18:12:56 2019 - Thu Dec  5 18:17:18 2019 (423 turns)
Total wealth: 30
Total enemies killed: 47
cells generated: 323812
Number of cells explored, by distance from the player:
 360 1148 2245 4016 7017 12143 20950 36114 62210 107151
cells travelled: 215

   7x Ice Diamond
  23x Elixir of Life

   2x Icewolf
  45x Slime Beast



ACHIEVEMENT DIAMOND1 turns: 4 time: 3 at: 1575567006 ver: 11.2d c: 0 date: Thu Dec  5 18:30:09 2019
ACHIEVEMENT FEATHER1 turns: 23 time: 10 at: 1575567006 ver: 11.2d c: 0 date: Thu Dec  5 18:30:16 2019
ACHIEVEMENT FEATHER2 turns: 67 time: 33 at: 1575567006 ver: 11.2d c: 0 date: Thu Dec  5 18:30:39 2019
ACHIEVEMENT GOLD1 turns: 174 time: 97 at: 1575567006 ver: 11.2d c: 0 date: Thu Dec  5 18:31:43 2019
HyperRogue: game statistics (version 11.2d)
11.2d 1575567006 1575567199 28 9 283 158105 0 4 8 0 0 0 0 0 0 0 16 0 0 0 0 0 1 0 0 0 0 2 2 0 0 0 0 0 0 0 0 0 0 0 0 0 0 0 0 0 0 1 0 0 0 0 0 0 0 0 0 0 0 0 0 0 0 4 0 193 1 0 5 0 0 0 0 0 0 0 0 0 0 0 0 0 0 0 0 0 0 0 0 0 0 0 0 0 0 0 0 0 0 0 0 0 0 0 0 0 0 0 0 0 0 0 0 0 0 0 0 0 0 0 4 0 0 0 0 0 0 0 0 0 0 0 0 0 0 0 0 0 0 0 0 0 0 0 0 0 0 0 0 0 0 0 0 0 0 0 0 0 0 0 0 0 0 0 0 0 0 0 0 0 0 0 0 0 0 0 0 0 0 0 0 0 0 0 1 0 0 0 0 0 0 0 0 0 0 0 0 1 0 0 0 0 0 0 0 0 0 0 0 1789148071 28 0 1 0 0 0 0 0 0 0 0 0 0 0 0 0 0 0 0 0 0 0 0 0 0 0 0 0 0 0 0 0 0 0 0 0 0 0 0 0 0 0 0 0 0 0 0 0 7 0 0 0 0 0 0 0 0 0 0 0 0 0 0 0 0 0 0 0 0 0 0 0 0 0 0 0 0 0 0 0 0 0 0 0 0 0 0 0 0 0 0 0 0 0 0 0 0 0 0 0 0 0 0 0 0 0 0 0 0 0 0 0 0 0 0 0 0 0 0 0 0 0 0 0 0 0 0 0 0 0 0 0 1 0 0 150 0 0 0 0 0 0 0 0 0 0 0 0 0 0 0 0 0 0 0 0 0 0 0 0 0
Played on: Thu Dec  5 18:30:06 2019 - Thu Dec  5 18:33:19 2019 (283 turns)
Total wealth: 28
Total enemies killed: 9
cells generated: 158105
Number of cells explored, by distance from the player:
 216 690 1375 2488 4366 7578 13097 22593 38955 67117
walls melted: 1
cells travelled: 99

   4x Ice Diamond
   8x Gold
  16x Phoenix Feather

   2x Rock Troll
   2x Goblin
   1x Seep
   4x Running Dog



ACHIEVEMENT DIAMOND1 turns: 3 time: 2 at: 1575567199 ver: 11.2d c: 0 date: Thu Dec  5 18:33:21 2019
ACHIEVEMENT GOLD1 turns: 56 time: 45 at: 1575567199 ver: 11.2d c: 0 date: Thu Dec  5 18:34:04 2019
ACHIEVEMENT GOLD2 turns: 114 time: 75 at: 1575567199 ver: 11.2d c: 0 date: Thu Dec  5 18:34:34 2019
ACHIEVEMENT GOLD3 turns: 236 time: 144 at: 1575567199 ver: 11.2d c: 0 date: Thu Dec  5 18:35:43 2019
ACHIEVEMENT FEATHER1 turns: 285 time: 225 at: 1575567199 ver: 11.2d c: 0 date: Thu Dec  5 18:37:04 2019
HyperRogue: game statistics (version 11.2d)
11.2d 1575567199 1575567510 35 22 368 326801 0 1 25 0 0 0 0 0 0 0 9 0 0 0 0 0 5 0 0 0 0 9 9 0 0 0 0 0 0 0 0 0 0 0 0 0 0 0 1 0 0 2 0 0 0 0 0 0 0 0 0 0 0 0 0 0 0 2 0 311 1 0 28 0 0 0 0 0 0 0 0 0 0 0 0 0 0 0 0 0 0 0 0 0 0 0 0 0 0 0 0 0 0 0 0 0 0 0 0 0 0 0 0 0 0 0 0 0 0 0 0 0 0 0 4 0 0 0 0 0 0 0 0 0 0 0 0 0 0 0 0 0 0 0 0 0 0 0 0 0 0 0 0 0 0 0 0 0 0 0 0 0 0 0 0 0 0 0 0 0 0 0 0 0 0 0 0 0 0 0 0 0 0 0 0 0 0 0 1 0 0 0 0 0 0 0 0 0 0 0 0 1 0 0 0 0 0 0 0 0 0 0 0 1789148071 63 0 2 0 0 0 0 0 0 0 0 0 0 0 0 0 0 0 0 0 0 0 0 0 0 0 0 0 0 0 0 0 0 0 0 0 0 0 0 0 0 0 0 0 0 0 0 0 1 0 0 0 0 0 0 0 0 0 0 0 0 0 0 0 0 0 0 0 0 0 0 0 0 0 0 0 0 0 0 0 0 0 0 0 0 0 0 0 0 0 0 0 0 0 0 0 0 0 0 0 0 0 0 0 0 0 0 0 0 0 0 0 0 0 0 0 0 0 0 0 0 0 0 0 0 0 0 0 0 0 0 0 1 0 0 150 0 0 0 0 0 0 0 0 0 0 0 0 0 0 0 0 0 0 0 0 0 0 0 0 0
Played on: Thu Dec  5 18:33:19 2019 - Thu Dec  5 18:38:30 2019 (368 turns)
Total wealth: 35
Total enemies killed: 22
cells generated: 326801
Number of cells explored, by distance from the player:
 327 1071 2122 3815 6683 11568 19964 34420 59385 102292
walls melted: 5
cells travelled: 253

   1x Ice Diamond
  25x Gold
   9x Phoenix Feather

   9x Rock Troll
   9x Goblin
   1x Golem
   2x Seep
   2x Running Dog



ACHIEVEMENT DIAMOND1 turns: 2 time: 29 at: 1575567510 ver: 11.2d c: 0 date: Thu Dec  5 18:38:59 2019
HyperRogue: game statistics (version 11.2d)
11.2d 1575567510 1575567541 1 0 3 44175 0 1 0 0 0 0 0 0 0 0 0 0 0 0 0 0 0 0 0 0 0 0 0 0 0 0 0 0 0 0 0 0 0 0 0 0 0 0 0 0 0 0 0 0 0 0 0 0 0 0 0 0 0 0 0 0 0 0 0 31 1 0 4 0 0 0 0 0 0 0 0 0 0 0 0 0 0 0 0 0 0 0 0 0 0 0 0 0 0 0 0 0 0 0 0 0 0 0 0 0 0 0 0 0 0 0 0 0 0 0 0 0 0 0 4 0 0 0 0 0 0 0 0 0 0 0 0 0 0 0 0 0 0 0 0 0 0 0 0 0 0 0 0 0 0 0 0 0 0 0 0 0 0 0 0 0 0 0 0 0 0 0 0 0 0 0 0 0 0 0 0 0 0 0 0 0 0 0 1 0 0 0 0 0 0 0 0 0 0 0 0 1 0 0 0 0 0 0 0 0 0 0 0 1789148071 64 0 3 0 0 0 0 0 0 0 0 0 0 0 0 0 0 0 0 0 0 0 0 0 0 0 0 0 0 0 0 0 0 0 0 0 0 0 0 0 0 0 0 0 0 0 0 0 3 0 0 0 0 0 0 0 0 0 0 0 0 0 0 0 0 0 0 0 0 0 0 0 0 0 0 0 0 0 0 0 0 0 0 0 0 0 0 0 0 0 0 0 0 0 0 0 0 0 0 0 0 0 0 0 0 0 0 0 0 0 0 0 0 0 0 0 0 0 0 0 0 0 0 0 0 0 0 0 0 0 0 0 1 0 0 150 0 0 0 0 0 0 0 0 0 0 0 0 0 0 0 0 0 0 0 0 0 0 0 0 0
Played on: Thu Dec  5 18:38:30 2019 - Thu Dec  5 18:39:01 2019 (3 turns)
Total wealth: 1
Total enemies killed: 0
cells generated: 44175
Number of cells explored, by distance from the player:
 4 17 40 82 155 280 497 870 1512 2619
cells travelled: 2

   1x Ice Diamond




